<?xml version="1.0" encoding="UTF-8"?>
<!-- Generated by org.testng.reporters.JUnitXMLReporter -->
<testsuite ignored="0" hostname="Hirals-MacBook-Air.local" failures="0" tests="2" name="CRM Test" time="29.665" errors="0" timestamp="14 Jun. 2022 17:14:11 GMT">
  <testcase classname="com.ebay.qa.testcases.HomePageTest" name="verifyHomePageTitleTest" time="0.069"/>
  <testcase classname="com.ebay.qa.testcases.SearchPageTest" name="verfiySearchPageTitleTest" time="18.893"/>
</testsuite> <!-- CRM Test -->
