<?xml version="1.0" encoding="UTF-8"?>
<!-- Generated by org.testng.reporters.JUnitXMLReporter -->
<testsuite ignored="0" hostname="Hirals-MacBook-Air.local" failures="0" tests="6" name="Ebay Test" time="85.289" errors="0" timestamp="14 Jun. 2022 17:20:37 GMT">
  <testcase classname="com.ebay.qa.testcases.HomePageTest" name="verifyHomePageTitleTest" time="0.115"/>
  <testcase classname="com.ebay.qa.testcases.SearchPageTest" name="verfiySearchPageTitleTest" time="16.641"/>
  <testcase classname="com.ebay.qa.testcases.HomePageTest" name="headerLinkTest" time="8.924"/>
  <testcase classname="com.ebay.qa.testcases.SearchPageTest" name="categoriesTest" time="11.164"/>
  <testcase classname="com.ebay.qa.testcases.HomePageTest" name="miniCartTest" time="7.066"/>
  <testcase classname="com.ebay.qa.testcases.SearchPageTest" name="iphoneSearchTest" time="13.791"/>
</testsuite> <!-- Ebay Test -->
